<?xml version="1.0" encoding="UTF-8"?>
<!-- Generated by org.testng.reporters.JUnitXMLReporter -->
<testsuite hostname="Adit" ignored="18" name="Test" tests="10" failures="1" timestamp="2020-07-06T09:45:56 IST" time="139.813" errors="0">
  <testcase name="login" time="3.342" classname="com.aditpinheiro.happytrip.tests.TC_001"/>
  <testcase name="login" time="1.549" classname="com.aditpinheiro.happytrip.tests.TC_002"/>
  <testcase name="login" time="2.209" classname="com.aditpinheiro.happytrip.tests.TC_003"/>
  <testcase name="login" time="2.903" classname="com.aditpinheiro.happytrip.tests.TC_004"/>
  <testcase name="login" time="1.592" classname="com.aditpinheiro.happytrip.tests.TC_007"/>
  <testcase name="login" time="1.964" classname="com.aditpinheiro.happytrip.tests.TC_008"/>
  <testcase name="login" time="1.497" classname="com.aditpinheiro.happytrip.tests.TC_005"/>
  <testcase name="login" time="1.643" classname="com.aditpinheiro.happytrip.tests.TC_006"/>
  <testcase name="login" time="3.537" classname="com.aditpinheiro.happytrip.tests.TC_009"/>
  <testcase name="login" time="32.249" classname="com.aditpinheiro.happytrip.tests.TC_010">
    <failure type="org.openqa.selenium.NoSuchElementException" message="Timed out after 30 seconds. Unable to locate the element">
      <![CDATA[org.openqa.selenium.NoSuchElementException: Timed out after 30 seconds. Unable to locate the element
at org.openqa.selenium.support.pagefactory.AjaxElementLocator.findElement(AjaxElementLocator.java:99)
at org.openqa.selenium.support.pagefactory.internal.LocatingElementHandler.invoke(LocatingElementHandler.java:38)
at com.sun.proxy.$Proxy11.click(Unknown Source)
at com.aditpinheiro.happytrip.pages.ScheduleFlightPage.selectDeptDate_early(ScheduleFlightPage.java:116)
at com.aditpinheiro.happytrip.tests.TC_010.login(TC_010.java:68)
at java.util.ArrayList.forEach(ArrayList.java:1257)
Caused by: org.openqa.selenium.NoSuchElementException: no such element: Unable to locate element: {"method":"xpath","selector":"//*[@id="ui-datepicker-div"]/table/tbody/tr[1]/td[6]/a"}
  (Session info: chrome=83.0.4103.116)
For documentation on this error, please visit: https://www.seleniumhq.org/exceptions/no_such_element.html
Build info: version: '3.141.59', revision: 'e82be7d358', time: '2018-11-14T08:17:03'
System info: host: 'ADIT', ip: '192.168.56.1', os.name: 'Windows 10', os.arch: 'amd64', os.version: '10.0', java.version: '1.8.0_191'
Driver info: org.openqa.selenium.chrome.ChromeDriver
Capabilities {acceptInsecureCerts: false, browserName: chrome, browserVersion: 83.0.4103.116, chrome: {chromedriverVersion: 83.0.4103.39 (ccbf011cb2d2b..., userDataDir: C:\Users\hp\AppData\Local\T...}, goog:chromeOptions: {debuggerAddress: localhost:55369}, javascriptEnabled: true, networkConnectionEnabled: false, pageLoadStrategy: normal, platform: WINDOWS, platformName: WINDOWS, proxy: Proxy(), setWindowRect: true, strictFileInteractability: false, timeouts: {implicit: 0, pageLoad: 300000, script: 30000}, unhandledPromptBehavior: dismiss and notify, webauthn:virtualAuthenticators: true}
Session ID: 514a7a67361a9ff83210fdc1c7b3722f
*** Element info: {Using=xpath, value=//*[@id="ui-datepicker-div"]/table/tbody/tr[1]/td[6]/a}
at org.openqa.selenium.remote.http.W3CHttpResponseCodec.createException(W3CHttpResponseCodec.java:187)
at org.openqa.selenium.remote.http.W3CHttpResponseCodec.decode(W3CHttpResponseCodec.java:122)
at org.openqa.selenium.remote.http.W3CHttpResponseCodec.decode(W3CHttpResponseCodec.java:49)
at org.openqa.selenium.remote.HttpCommandExecutor.execute(HttpCommandExecutor.java:158)
at org.openqa.selenium.remote.service.DriverCommandExecutor.execute(DriverCommandExecutor.java:83)
at org.openqa.selenium.remote.RemoteWebDriver.execute(RemoteWebDriver.java:552)
at org.openqa.selenium.remote.RemoteWebDriver.findElement(RemoteWebDriver.java:323)
at org.openqa.selenium.remote.RemoteWebDriver.findElementByXPath(RemoteWebDriver.java:428)
at org.openqa.selenium.By$ByXPath.findElement(By.java:353)
at org.openqa.selenium.remote.RemoteWebDriver.findElement(RemoteWebDriver.java:315)
at org.openqa.selenium.support.pagefactory.DefaultElementLocator.findElement(DefaultElementLocator.java:69)
at org.openqa.selenium.support.pagefactory.AjaxElementLocator.access$001(AjaxElementLocator.java:39)
at org.openqa.selenium.support.pagefactory.AjaxElementLocator$SlowLoadingElement.isLoaded(AjaxElementLocator.java:165)
at org.openqa.selenium.support.ui.SlowLoadableComponent.get(SlowLoadableComponent.java:72)
at org.openqa.selenium.support.pagefactory.AjaxElementLocator.findElement(AjaxElementLocator.java:95)
... 32 more
... Removed 30 stack frames]]>
    </failure>
  </testcase> <!-- login -->
  <testcase name="@BeforeSuite extentReport" time="0.0" classname="com.aditpinheiro.happytrip.resources.BaseClass">
    <ignored/>
  </testcase> <!-- @BeforeSuite extentReport -->
  <testcase name="@BeforeSuite extentReport" time="0.0" classname="com.aditpinheiro.happytrip.resources.BaseClass">
    <ignored/>
  </testcase> <!-- @BeforeSuite extentReport -->
  <testcase name="@BeforeSuite extentReport" time="0.0" classname="com.aditpinheiro.happytrip.resources.BaseClass">
    <ignored/>
  </testcase> <!-- @BeforeSuite extentReport -->
  <testcase name="@BeforeSuite extentReport" time="0.0" classname="com.aditpinheiro.happytrip.resources.BaseClass">
    <ignored/>
  </testcase> <!-- @BeforeSuite extentReport -->
  <testcase name="@BeforeSuite extentReport" time="0.0" classname="com.aditpinheiro.happytrip.resources.BaseClass">
    <ignored/>
  </testcase> <!-- @BeforeSuite extentReport -->
  <testcase name="@BeforeSuite extentReport" time="0.0" classname="com.aditpinheiro.happytrip.resources.BaseClass">
    <ignored/>
  </testcase> <!-- @BeforeSuite extentReport -->
  <testcase name="@BeforeSuite extentReport" time="0.0" classname="com.aditpinheiro.happytrip.resources.BaseClass">
    <ignored/>
  </testcase> <!-- @BeforeSuite extentReport -->
  <testcase name="@BeforeSuite extentReport" time="0.0" classname="com.aditpinheiro.happytrip.resources.BaseClass">
    <ignored/>
  </testcase> <!-- @BeforeSuite extentReport -->
  <testcase name="@BeforeSuite extentReport" time="0.0" classname="com.aditpinheiro.happytrip.resources.BaseClass">
    <ignored/>
  </testcase> <!-- @BeforeSuite extentReport -->
  <testcase name="@AfterSuite extentReportdone" time="0.0" classname="com.aditpinheiro.happytrip.resources.BaseClass">
    <ignored/>
  </testcase> <!-- @AfterSuite extentReportdone -->
  <testcase name="@AfterSuite extentReportdone" time="0.0" classname="com.aditpinheiro.happytrip.resources.BaseClass">
    <ignored/>
  </testcase> <!-- @AfterSuite extentReportdone -->
  <testcase name="@AfterSuite extentReportdone" time="0.0" classname="com.aditpinheiro.happytrip.resources.BaseClass">
    <ignored/>
  </testcase> <!-- @AfterSuite extentReportdone -->
  <testcase name="@AfterSuite extentReportdone" time="0.0" classname="com.aditpinheiro.happytrip.resources.BaseClass">
    <ignored/>
  </testcase> <!-- @AfterSuite extentReportdone -->
  <testcase name="@AfterSuite extentReportdone" time="0.0" classname="com.aditpinheiro.happytrip.resources.BaseClass">
    <ignored/>
  </testcase> <!-- @AfterSuite extentReportdone -->
  <testcase name="@AfterSuite extentReportdone" time="0.0" classname="com.aditpinheiro.happytrip.resources.BaseClass">
    <ignored/>
  </testcase> <!-- @AfterSuite extentReportdone -->
  <testcase name="@AfterSuite extentReportdone" time="0.0" classname="com.aditpinheiro.happytrip.resources.BaseClass">
    <ignored/>
  </testcase> <!-- @AfterSuite extentReportdone -->
  <testcase name="@AfterSuite extentReportdone" time="0.0" classname="com.aditpinheiro.happytrip.resources.BaseClass">
    <ignored/>
  </testcase> <!-- @AfterSuite extentReportdone -->
  <testcase name="@AfterSuite extentReportdone" time="0.0" classname="com.aditpinheiro.happytrip.resources.BaseClass">
    <ignored/>
  </testcase> <!-- @AfterSuite extentReportdone -->
</testsuite> <!-- Test -->
