<?xml version="1.0" encoding="UTF-8"?>
<testng-results skipped="0" failed="1" ignored="18" total="28" passed="9">
  <reporter-output>
  </reporter-output>
  <suite name="Suite" duration-ms="139813" started-at="2020-07-06T09:43:36 IST" finished-at="2020-07-06T09:45:56 IST">
    <groups>
    </groups>
    <test name="Test" duration-ms="139813" started-at="2020-07-06T09:43:36 IST" finished-at="2020-07-06T09:45:56 IST">
      <class name="com.aditpinheiro.happytrip.tests.TC_007">
        <test-method status="PASS" signature="setup()[pri:0, instance:com.aditpinheiro.happytrip.tests.TC_007@7bc1a03d]" name="setup" is-config="true" duration-ms="7782" started-at="2020-07-06T09:44:23 IST" finished-at="2020-07-06T09:44:31 IST">
          <reporter-output>
          </reporter-output>
        </test-method> <!-- setup -->
        <test-method status="PASS" signature="login()[pri:0, instance:com.aditpinheiro.happytrip.tests.TC_007@7bc1a03d]" name="login" duration-ms="1592" started-at="2020-07-06T09:44:31 IST" finished-at="2020-07-06T09:44:32 IST">
          <reporter-output>
          </reporter-output>
        </test-method> <!-- login -->
        <test-method status="PASS" signature="teardown()[pri:0, instance:com.aditpinheiro.happytrip.tests.TC_007@7bc1a03d]" name="teardown" is-config="true" duration-ms="949" started-at="2020-07-06T09:44:32 IST" finished-at="2020-07-06T09:44:33 IST">
          <reporter-output>
          </reporter-output>
        </test-method> <!-- teardown -->
      </class> <!-- com.aditpinheiro.happytrip.tests.TC_007 -->
      <class name="com.aditpinheiro.happytrip.tests.TC_008">
        <test-method status="PASS" signature="setup()[pri:0, instance:com.aditpinheiro.happytrip.tests.TC_008@70b0b186]" name="setup" is-config="true" duration-ms="7865" started-at="2020-07-06T09:44:33 IST" finished-at="2020-07-06T09:44:41 IST">
          <reporter-output>
          </reporter-output>
        </test-method> <!-- setup -->
        <test-method status="PASS" signature="login()[pri:0, instance:com.aditpinheiro.happytrip.tests.TC_008@70b0b186]" name="login" duration-ms="1964" started-at="2020-07-06T09:44:41 IST" finished-at="2020-07-06T09:44:43 IST">
          <reporter-output>
          </reporter-output>
        </test-method> <!-- login -->
        <test-method status="PASS" signature="teardown()[pri:0, instance:com.aditpinheiro.happytrip.tests.TC_008@70b0b186]" name="teardown" is-config="true" duration-ms="908" started-at="2020-07-06T09:44:43 IST" finished-at="2020-07-06T09:44:44 IST">
          <reporter-output>
          </reporter-output>
        </test-method> <!-- teardown -->
      </class> <!-- com.aditpinheiro.happytrip.tests.TC_008 -->
      <class name="com.aditpinheiro.happytrip.tests.TC_009">
        <test-method status="PASS" signature="setup()[pri:0, instance:com.aditpinheiro.happytrip.tests.TC_009@5d20e46]" name="setup" is-config="true" duration-ms="7130" started-at="2020-07-06T09:45:03 IST" finished-at="2020-07-06T09:45:11 IST">
          <reporter-output>
          </reporter-output>
        </test-method> <!-- setup -->
        <test-method status="PASS" signature="login()[pri:0, instance:com.aditpinheiro.happytrip.tests.TC_009@5d20e46]" name="login" duration-ms="3537" started-at="2020-07-06T09:45:11 IST" finished-at="2020-07-06T09:45:14 IST">
          <reporter-output>
          </reporter-output>
        </test-method> <!-- login -->
        <test-method status="PASS" signature="teardown()[pri:0, instance:com.aditpinheiro.happytrip.tests.TC_009@5d20e46]" name="teardown" is-config="true" duration-ms="897" started-at="2020-07-06T09:45:14 IST" finished-at="2020-07-06T09:45:15 IST">
          <reporter-output>
          </reporter-output>
        </test-method> <!-- teardown -->
      </class> <!-- com.aditpinheiro.happytrip.tests.TC_009 -->
      <class name="com.aditpinheiro.happytrip.tests.TC_003">
        <test-method status="PASS" signature="setup()[pri:0, instance:com.aditpinheiro.happytrip.tests.TC_003@58fdd99]" name="setup" is-config="true" duration-ms="7388" started-at="2020-07-06T09:44:01 IST" finished-at="2020-07-06T09:44:09 IST">
          <reporter-output>
          </reporter-output>
        </test-method> <!-- setup -->
        <test-method status="PASS" signature="login()[pri:0, instance:com.aditpinheiro.happytrip.tests.TC_003@58fdd99]" name="login" duration-ms="2209" started-at="2020-07-06T09:44:09 IST" finished-at="2020-07-06T09:44:11 IST">
          <reporter-output>
          </reporter-output>
        </test-method> <!-- login -->
        <test-method status="PASS" signature="teardown()[pri:0, instance:com.aditpinheiro.happytrip.tests.TC_003@58fdd99]" name="teardown" is-config="true" duration-ms="931" started-at="2020-07-06T09:44:11 IST" finished-at="2020-07-06T09:44:12 IST">
          <reporter-output>
          </reporter-output>
        </test-method> <!-- teardown -->
      </class> <!-- com.aditpinheiro.happytrip.tests.TC_003 -->
      <class name="com.aditpinheiro.happytrip.tests.TC_004">
        <test-method status="PASS" signature="setup()[pri:0, instance:com.aditpinheiro.happytrip.tests.TC_004@6b1274d2]" name="setup" is-config="true" duration-ms="7358" started-at="2020-07-06T09:44:12 IST" finished-at="2020-07-06T09:44:19 IST">
          <reporter-output>
          </reporter-output>
        </test-method> <!-- setup -->
        <test-method status="PASS" signature="login()[pri:0, instance:com.aditpinheiro.happytrip.tests.TC_004@6b1274d2]" name="login" duration-ms="2903" started-at="2020-07-06T09:44:19 IST" finished-at="2020-07-06T09:44:22 IST">
          <reporter-output>
          </reporter-output>
        </test-method> <!-- login -->
        <test-method status="PASS" signature="teardown()[pri:0, instance:com.aditpinheiro.happytrip.tests.TC_004@6b1274d2]" name="teardown" is-config="true" duration-ms="871" started-at="2020-07-06T09:44:22 IST" finished-at="2020-07-06T09:44:23 IST">
          <reporter-output>
          </reporter-output>
        </test-method> <!-- teardown -->
      </class> <!-- com.aditpinheiro.happytrip.tests.TC_004 -->
      <class name="com.aditpinheiro.happytrip.tests.TC_005">
        <test-method status="PASS" signature="setup()[pri:0, instance:com.aditpinheiro.happytrip.tests.TC_005@ba8d91c]" name="setup" is-config="true" duration-ms="6923" started-at="2020-07-06T09:44:44 IST" finished-at="2020-07-06T09:44:51 IST">
          <reporter-output>
          </reporter-output>
        </test-method> <!-- setup -->
        <test-method status="PASS" signature="login()[pri:0, instance:com.aditpinheiro.happytrip.tests.TC_005@ba8d91c]" name="login" duration-ms="1497" started-at="2020-07-06T09:44:51 IST" finished-at="2020-07-06T09:44:53 IST">
          <reporter-output>
          </reporter-output>
        </test-method> <!-- login -->
        <test-method status="PASS" signature="teardown()[pri:0, instance:com.aditpinheiro.happytrip.tests.TC_005@ba8d91c]" name="teardown" is-config="true" duration-ms="814" started-at="2020-07-06T09:44:53 IST" finished-at="2020-07-06T09:44:53 IST">
          <reporter-output>
          </reporter-output>
        </test-method> <!-- teardown -->
      </class> <!-- com.aditpinheiro.happytrip.tests.TC_005 -->
      <class name="com.aditpinheiro.happytrip.tests.TC_006">
        <test-method status="PASS" signature="setup()[pri:0, instance:com.aditpinheiro.happytrip.tests.TC_006@7364985f]" name="setup" is-config="true" duration-ms="7644" started-at="2020-07-06T09:44:53 IST" finished-at="2020-07-06T09:45:01 IST">
          <reporter-output>
          </reporter-output>
        </test-method> <!-- setup -->
        <test-method status="PASS" signature="login()[pri:0, instance:com.aditpinheiro.happytrip.tests.TC_006@7364985f]" name="login" duration-ms="1643" started-at="2020-07-06T09:45:01 IST" finished-at="2020-07-06T09:45:03 IST">
          <reporter-output>
          </reporter-output>
        </test-method> <!-- login -->
        <test-method status="PASS" signature="teardown()[pri:0, instance:com.aditpinheiro.happytrip.tests.TC_006@7364985f]" name="teardown" is-config="true" duration-ms="859" started-at="2020-07-06T09:45:03 IST" finished-at="2020-07-06T09:45:03 IST">
          <reporter-output>
          </reporter-output>
        </test-method> <!-- teardown -->
      </class> <!-- com.aditpinheiro.happytrip.tests.TC_006 -->
      <class name="com.aditpinheiro.happytrip.tests.TC_010">
        <test-method status="PASS" signature="setup()[pri:0, instance:com.aditpinheiro.happytrip.tests.TC_010@709ba3fb]" name="setup" is-config="true" duration-ms="7464" started-at="2020-07-06T09:45:15 IST" finished-at="2020-07-06T09:45:23 IST">
          <reporter-output>
          </reporter-output>
        </test-method> <!-- setup -->
        <test-method status="FAIL" signature="login()[pri:0, instance:com.aditpinheiro.happytrip.tests.TC_010@709ba3fb]" name="login" duration-ms="32249" started-at="2020-07-06T09:45:23 IST" finished-at="2020-07-06T09:45:55 IST">
          <exception class="org.openqa.selenium.NoSuchElementException">
            <message>
              <![CDATA[Timed out after 30 seconds. Unable to locate the element]]>
            </message>
            <full-stacktrace>
              <![CDATA[org.openqa.selenium.NoSuchElementException: Timed out after 30 seconds. Unable to locate the element
at org.openqa.selenium.support.pagefactory.AjaxElementLocator.findElement(AjaxElementLocator.java:99)
at org.openqa.selenium.support.pagefactory.internal.LocatingElementHandler.invoke(LocatingElementHandler.java:38)
at com.sun.proxy.$Proxy11.click(Unknown Source)
at com.aditpinheiro.happytrip.pages.ScheduleFlightPage.selectDeptDate_early(ScheduleFlightPage.java:116)
at com.aditpinheiro.happytrip.tests.TC_010.login(TC_010.java:68)
at sun.reflect.NativeMethodAccessorImpl.invoke0(Native Method)
at sun.reflect.NativeMethodAccessorImpl.invoke(NativeMethodAccessorImpl.java:62)
at sun.reflect.DelegatingMethodAccessorImpl.invoke(DelegatingMethodAccessorImpl.java:43)
at java.lang.reflect.Method.invoke(Method.java:498)
at org.testng.internal.MethodInvocationHelper.invokeMethod(MethodInvocationHelper.java:134)
at org.testng.internal.TestInvoker.invokeMethod(TestInvoker.java:597)
at org.testng.internal.TestInvoker.invokeTestMethod(TestInvoker.java:173)
at org.testng.internal.MethodRunner.runInSequence(MethodRunner.java:46)
at org.testng.internal.TestInvoker$MethodInvocationAgent.invoke(TestInvoker.java:816)
at org.testng.internal.TestInvoker.invokeTestMethods(TestInvoker.java:146)
at org.testng.internal.TestMethodWorker.invokeTestMethods(TestMethodWorker.java:146)
at org.testng.internal.TestMethodWorker.run(TestMethodWorker.java:128)
at java.util.ArrayList.forEach(ArrayList.java:1257)
at org.testng.TestRunner.privateRun(TestRunner.java:766)
at org.testng.TestRunner.run(TestRunner.java:587)
at org.testng.SuiteRunner.runTest(SuiteRunner.java:384)
at org.testng.SuiteRunner.runSequentially(SuiteRunner.java:378)
at org.testng.SuiteRunner.privateRun(SuiteRunner.java:337)
at org.testng.SuiteRunner.run(SuiteRunner.java:286)
at org.testng.SuiteRunnerWorker.runSuite(SuiteRunnerWorker.java:53)
at org.testng.SuiteRunnerWorker.run(SuiteRunnerWorker.java:96)
at org.testng.TestNG.runSuitesSequentially(TestNG.java:1187)
at org.testng.TestNG.runSuitesLocally(TestNG.java:1109)
at org.testng.TestNG.runSuites(TestNG.java:1039)
at org.testng.TestNG.run(TestNG.java:1007)
at org.testng.remote.AbstractRemoteTestNG.run(AbstractRemoteTestNG.java:115)
at org.testng.remote.RemoteTestNG.initAndRun(RemoteTestNG.java:251)
at org.testng.remote.RemoteTestNG.main(RemoteTestNG.java:77)
Caused by: org.openqa.selenium.NoSuchElementException: no such element: Unable to locate element: {"method":"xpath","selector":"//*[@id="ui-datepicker-div"]/table/tbody/tr[1]/td[6]/a"}
  (Session info: chrome=83.0.4103.116)
For documentation on this error, please visit: https://www.seleniumhq.org/exceptions/no_such_element.html
Build info: version: '3.141.59', revision: 'e82be7d358', time: '2018-11-14T08:17:03'
System info: host: 'ADIT', ip: '192.168.56.1', os.name: 'Windows 10', os.arch: 'amd64', os.version: '10.0', java.version: '1.8.0_191'
Driver info: org.openqa.selenium.chrome.ChromeDriver
Capabilities {acceptInsecureCerts: false, browserName: chrome, browserVersion: 83.0.4103.116, chrome: {chromedriverVersion: 83.0.4103.39 (ccbf011cb2d2b..., userDataDir: C:\Users\hp\AppData\Local\T...}, goog:chromeOptions: {debuggerAddress: localhost:55369}, javascriptEnabled: true, networkConnectionEnabled: false, pageLoadStrategy: normal, platform: WINDOWS, platformName: WINDOWS, proxy: Proxy(), setWindowRect: true, strictFileInteractability: false, timeouts: {implicit: 0, pageLoad: 300000, script: 30000}, unhandledPromptBehavior: dismiss and notify, webauthn:virtualAuthenticators: true}
Session ID: 514a7a67361a9ff83210fdc1c7b3722f
*** Element info: {Using=xpath, value=//*[@id="ui-datepicker-div"]/table/tbody/tr[1]/td[6]/a}
at sun.reflect.GeneratedConstructorAccessor37.newInstance(Unknown Source)
at sun.reflect.DelegatingConstructorAccessorImpl.newInstance(DelegatingConstructorAccessorImpl.java:45)
at java.lang.reflect.Constructor.newInstance(Constructor.java:423)
at org.openqa.selenium.remote.http.W3CHttpResponseCodec.createException(W3CHttpResponseCodec.java:187)
at org.openqa.selenium.remote.http.W3CHttpResponseCodec.decode(W3CHttpResponseCodec.java:122)
at org.openqa.selenium.remote.http.W3CHttpResponseCodec.decode(W3CHttpResponseCodec.java:49)
at org.openqa.selenium.remote.HttpCommandExecutor.execute(HttpCommandExecutor.java:158)
at org.openqa.selenium.remote.service.DriverCommandExecutor.execute(DriverCommandExecutor.java:83)
at org.openqa.selenium.remote.RemoteWebDriver.execute(RemoteWebDriver.java:552)
at org.openqa.selenium.remote.RemoteWebDriver.findElement(RemoteWebDriver.java:323)
at org.openqa.selenium.remote.RemoteWebDriver.findElementByXPath(RemoteWebDriver.java:428)
at org.openqa.selenium.By$ByXPath.findElement(By.java:353)
at org.openqa.selenium.remote.RemoteWebDriver.findElement(RemoteWebDriver.java:315)
at org.openqa.selenium.support.pagefactory.DefaultElementLocator.findElement(DefaultElementLocator.java:69)
at org.openqa.selenium.support.pagefactory.AjaxElementLocator.access$001(AjaxElementLocator.java:39)
at org.openqa.selenium.support.pagefactory.AjaxElementLocator$SlowLoadingElement.isLoaded(AjaxElementLocator.java:165)
at org.openqa.selenium.support.ui.SlowLoadableComponent.get(SlowLoadableComponent.java:72)
at org.openqa.selenium.support.pagefactory.AjaxElementLocator.findElement(AjaxElementLocator.java:95)
... 32 more
]]>
            </full-stacktrace>
          </exception> <!-- org.openqa.selenium.NoSuchElementException -->
          <reporter-output>
          </reporter-output>
        </test-method> <!-- login -->
        <test-method status="PASS" signature="teardown()[pri:0, instance:com.aditpinheiro.happytrip.tests.TC_010@709ba3fb]" name="teardown" is-config="true" duration-ms="794" started-at="2020-07-06T09:45:55 IST" finished-at="2020-07-06T09:45:56 IST">
          <reporter-output>
          </reporter-output>
        </test-method> <!-- teardown -->
      </class> <!-- com.aditpinheiro.happytrip.tests.TC_010 -->
      <class name="com.aditpinheiro.happytrip.tests.TC_001">
        <test-method status="PASS" signature="extentReport()[pri:0, instance:com.aditpinheiro.happytrip.tests.TC_001@dd3b207]" name="extentReport" is-config="true" duration-ms="327" started-at="2020-07-06T09:43:36 IST" finished-at="2020-07-06T09:43:36 IST">
          <reporter-output>
          </reporter-output>
        </test-method> <!-- extentReport -->
        <test-method status="PASS" signature="setup()[pri:0, instance:com.aditpinheiro.happytrip.tests.TC_001@dd3b207]" name="setup" is-config="true" duration-ms="10978" started-at="2020-07-06T09:43:36 IST" finished-at="2020-07-06T09:43:47 IST">
          <reporter-output>
          </reporter-output>
        </test-method> <!-- setup -->
        <test-method status="PASS" signature="login()[pri:0, instance:com.aditpinheiro.happytrip.tests.TC_001@dd3b207]" name="login" duration-ms="3342" started-at="2020-07-06T09:43:47 IST" finished-at="2020-07-06T09:43:51 IST">
          <reporter-output>
          </reporter-output>
        </test-method> <!-- login -->
        <test-method status="PASS" signature="teardown()[pri:0, instance:com.aditpinheiro.happytrip.tests.TC_001@dd3b207]" name="teardown" is-config="true" duration-ms="967" started-at="2020-07-06T09:43:51 IST" finished-at="2020-07-06T09:43:52 IST">
          <reporter-output>
          </reporter-output>
        </test-method> <!-- teardown -->
        <test-method status="PASS" signature="extentReportdone()[pri:0, instance:com.aditpinheiro.happytrip.tests.TC_001@dd3b207]" name="extentReportdone" is-config="true" duration-ms="545" started-at="2020-07-06T09:45:56 IST" finished-at="2020-07-06T09:45:57 IST">
          <reporter-output>
          </reporter-output>
        </test-method> <!-- extentReportdone -->
      </class> <!-- com.aditpinheiro.happytrip.tests.TC_001 -->
      <class name="com.aditpinheiro.happytrip.tests.TC_002">
        <test-method status="PASS" signature="setup()[pri:0, instance:com.aditpinheiro.happytrip.tests.TC_002@551bdc27]" name="setup" is-config="true" duration-ms="7460" started-at="2020-07-06T09:43:52 IST" finished-at="2020-07-06T09:43:59 IST">
          <reporter-output>
          </reporter-output>
        </test-method> <!-- setup -->
        <test-method status="PASS" signature="login()[pri:0, instance:com.aditpinheiro.happytrip.tests.TC_002@551bdc27]" name="login" duration-ms="1549" started-at="2020-07-06T09:43:59 IST" finished-at="2020-07-06T09:44:01 IST">
          <reporter-output>
          </reporter-output>
        </test-method> <!-- login -->
        <test-method status="PASS" signature="teardown()[pri:0, instance:com.aditpinheiro.happytrip.tests.TC_002@551bdc27]" name="teardown" is-config="true" duration-ms="831" started-at="2020-07-06T09:44:01 IST" finished-at="2020-07-06T09:44:01 IST">
          <reporter-output>
          </reporter-output>
        </test-method> <!-- teardown -->
      </class> <!-- com.aditpinheiro.happytrip.tests.TC_002 -->
    </test> <!-- Test -->
  </suite> <!-- Suite -->
</testng-results>
